<?xml version="1.0" encoding="UTF-8"?>
<!-- Generated by org.testng.reporters.JUnitReportReporter -->
<testsuite skipped="0" hostname="DESKTOP-9D0UF9G" name="jdbc.Jdbc" tests="1" failures="0" timestamp="2020-12-10T13:15:47 IST" time="0.194" errors="0">
  <testcase name="setup" time="0.194" classname="jdbc.Jdbc"/>
  <system-out/>
</testsuite> <!-- jdbc.Jdbc -->
