<?xml version="1.0" encoding="UTF-8"?>
<!-- Generated by org.testng.reporters.JUnitReportReporter -->
<testsuite skipped="0" hostname="DESKTOP-9D0UF9G" name="com.restapi.TestsGet" tests="3" failures="0" timestamp="2020-12-10T11:44:47 IST" time="25.730" errors="0">
  <testcase name="test_3_put" time="6.855" classname="com.restapi.TestsGet"/>
  <system-out/>
  <testcase name="test_2_post" time="6.255" classname="com.restapi.TestsGet"/>
  <system-out/>
  <testcase name="test_1_get" time="12.620" classname="com.restapi.TestsGet"/>
  <system-out/>
</testsuite> <!-- com.restapi.TestsGet -->
